2026-02-10 18:19:39 | INFO | Logger initialized successfully
2026-02-10 18:31:10 | ERROR | Database error in refunds_service.get_kpis: the greenlet library is required to use this function. No module named 'greenlet'
2026-02-10 18:31:10 | ERROR | Database error in refunds_service.get_monthly_trend: the greenlet library is required to use this function. No module named 'greenlet'
2026-02-10 18:31:10 | ERROR | Database error in refunds_service.get_daily_count: the greenlet library is required to use this function. No module named 'greenlet'
2026-02-10 18:31:10 | ERROR | Database error in refunds_service.get_rate_trend: the greenlet library is required to use this function. No module named 'greenlet'
2026-02-10 18:31:10 | ERROR | Database error in refunds_service.get_status_distribution: the greenlet library is required to use this function. No module named 'greenlet'
2026-02-10 18:31:10 | ERROR | Database error in refunds_service.get_by_bank: the greenlet library is required to use this function. No module named 'greenlet'
2026-02-10 18:31:10 | ERROR | Database error in refunds_service.get_kpis: the greenlet library is required to use this function. No module named 'greenlet'
2026-02-10 18:31:10 | ERROR | Database error in refunds_service.get_monthly_trend: the greenlet library is required to use this function. No module named 'greenlet'
2026-02-10 18:31:10 | ERROR | Database error in refunds_service.get_status_distribution: the greenlet library is required to use this function. No module named 'greenlet'
2026-02-10 18:31:10 | ERROR | Database error in refunds_service.get_amount_distribution: the greenlet library is required to use this function. No module named 'greenlet'
2026-02-10 18:31:10 | ERROR | Database error in refunds_service.get_daily_count: the greenlet library is required to use this function. No module named 'greenlet'
2026-02-10 18:31:10 | ERROR | Database error in refunds_service.get_by_bank: the greenlet library is required to use this function. No module named 'greenlet'
2026-02-10 18:31:10 | ERROR | Database error in refunds_service.get_rate_trend: the greenlet library is required to use this function. No module named 'greenlet'
2026-02-10 18:31:10 | ERROR | Database error in refunds_service.get_amount_distribution: the greenlet library is required to use this function. No module named 'greenlet'
2026-02-10 18:31:12 | ERROR | Database error in refunds_service.get_kpis: the greenlet library is required to use this function. No module named 'greenlet'
2026-02-10 18:31:12 | ERROR | Database error in refunds_service.get_daily_count: the greenlet library is required to use this function. No module named 'greenlet'
2026-02-10 18:31:12 | ERROR | Database error in refunds_service.get_monthly_trend: the greenlet library is required to use this function. No module named 'greenlet'
2026-02-10 18:31:12 | ERROR | Database error in refunds_service.get_rate_trend: the greenlet library is required to use this function. No module named 'greenlet'
2026-02-10 18:31:12 | ERROR | Database error in refunds_service.get_status_distribution: the greenlet library is required to use this function. No module named 'greenlet'
2026-02-10 18:31:12 | ERROR | Database error in refunds_service.get_by_bank: the greenlet library is required to use this function. No module named 'greenlet'
2026-02-10 18:31:12 | ERROR | Database error in refunds_service.get_kpis: the greenlet library is required to use this function. No module named 'greenlet'
2026-02-10 18:31:12 | ERROR | Database error in refunds_service.get_monthly_trend: the greenlet library is required to use this function. No module named 'greenlet'
2026-02-10 18:31:12 | ERROR | Database error in refunds_service.get_status_distribution: the greenlet library is required to use this function. No module named 'greenlet'
2026-02-10 18:31:12 | ERROR | Database error in refunds_service.get_amount_distribution: the greenlet library is required to use this function. No module named 'greenlet'
2026-02-10 18:31:12 | ERROR | Database error in refunds_service.get_daily_count: the greenlet library is required to use this function. No module named 'greenlet'
2026-02-10 18:31:12 | ERROR | Database error in refunds_service.get_by_bank: the greenlet library is required to use this function. No module named 'greenlet'
2026-02-10 18:31:12 | ERROR | Database error in refunds_service.get_amount_distribution: the greenlet library is required to use this function. No module named 'greenlet'
2026-02-10 18:31:12 | ERROR | Database error in refunds_service.get_rate_trend: the greenlet library is required to use this function. No module named 'greenlet'
2026-02-10 18:31:13 | ERROR | Database error in refunds_service.get_kpis: the greenlet library is required to use this function. No module named 'greenlet'
2026-02-10 18:31:13 | ERROR | Database error in refunds_service.get_daily_count: the greenlet library is required to use this function. No module named 'greenlet'
2026-02-10 18:31:13 | ERROR | Database error in refunds_service.get_monthly_trend: the greenlet library is required to use this function. No module named 'greenlet'
2026-02-10 18:31:13 | ERROR | Database error in refunds_service.get_rate_trend: the greenlet library is required to use this function. No module named 'greenlet'
2026-02-10 18:31:13 | ERROR | Database error in refunds_service.get_status_distribution: the greenlet library is required to use this function. No module named 'greenlet'
2026-02-10 18:31:13 | ERROR | Database error in refunds_service.get_by_bank: the greenlet library is required to use this function. No module named 'greenlet'
2026-02-10 18:31:13 | ERROR | Database error in refunds_service.get_kpis: the greenlet library is required to use this function. No module named 'greenlet'
2026-02-10 18:31:13 | ERROR | Database error in refunds_service.get_monthly_trend: the greenlet library is required to use this function. No module named 'greenlet'
2026-02-10 18:31:13 | ERROR | Database error in refunds_service.get_status_distribution: the greenlet library is required to use this function. No module named 'greenlet'
2026-02-10 18:31:13 | ERROR | Database error in refunds_service.get_amount_distribution: the greenlet library is required to use this function. No module named 'greenlet'
2026-02-10 18:31:13 | ERROR | Database error in refunds_service.get_daily_count: the greenlet library is required to use this function. No module named 'greenlet'
2026-02-10 18:31:13 | ERROR | Database error in refunds_service.get_by_bank: the greenlet library is required to use this function. No module named 'greenlet'
2026-02-10 18:31:13 | ERROR | Database error in refunds_service.get_amount_distribution: the greenlet library is required to use this function. No module named 'greenlet'
2026-02-10 18:31:13 | ERROR | Database error in refunds_service.get_rate_trend: the greenlet library is required to use this function. No module named 'greenlet'
2026-02-10 18:34:39 | INFO | Logger initialized successfully
2026-02-10 18:34:51 | ERROR | Database error in refunds_service.get_kpis: the greenlet library is required to use this function. No module named 'greenlet'
2026-02-10 18:34:51 | ERROR | Database error in refunds_service.get_daily_count: the greenlet library is required to use this function. No module named 'greenlet'
2026-02-10 18:34:51 | ERROR | Database error in refunds_service.get_kpis: the greenlet library is required to use this function. No module named 'greenlet'
2026-02-10 18:34:51 | ERROR | Database error in refunds_service.get_daily_count: the greenlet library is required to use this function. No module named 'greenlet'
2026-02-10 18:34:51 | ERROR | Database error in refunds_service.get_monthly_trend: the greenlet library is required to use this function. No module named 'greenlet'
2026-02-10 18:34:51 | ERROR | Database error in refunds_service.get_monthly_trend: the greenlet library is required to use this function. No module named 'greenlet'
2026-02-10 18:34:51 | ERROR | Database error in refunds_service.get_status_distribution: the greenlet library is required to use this function. No module named 'greenlet'
2026-02-10 18:34:51 | ERROR | Database error in refunds_service.get_amount_distribution: the greenlet library is required to use this function. No module named 'greenlet'
2026-02-10 18:34:51 | ERROR | Database error in refunds_service.get_status_distribution: the greenlet library is required to use this function. No module named 'greenlet'
2026-02-10 18:34:51 | ERROR | Database error in refunds_service.get_amount_distribution: the greenlet library is required to use this function. No module named 'greenlet'
2026-02-10 18:34:51 | ERROR | Database error in refunds_service.get_by_bank: the greenlet library is required to use this function. No module named 'greenlet'
2026-02-10 18:34:51 | ERROR | Database error in refunds_service.get_by_bank: the greenlet library is required to use this function. No module named 'greenlet'
2026-02-10 18:34:51 | ERROR | Database error in refunds_service.get_rate_trend: the greenlet library is required to use this function. No module named 'greenlet'
2026-02-10 18:34:51 | ERROR | Database error in refunds_service.get_rate_trend: the greenlet library is required to use this function. No module named 'greenlet'
2026-02-10 18:34:53 | ERROR | Database error in refunds_service.get_kpis: the greenlet library is required to use this function. No module named 'greenlet'
2026-02-10 18:34:53 | ERROR | Database error in refunds_service.get_daily_count: the greenlet library is required to use this function. No module named 'greenlet'
2026-02-10 18:34:53 | ERROR | Database error in refunds_service.get_monthly_trend: the greenlet library is required to use this function. No module named 'greenlet'
2026-02-10 18:34:53 | ERROR | Database error in refunds_service.get_rate_trend: the greenlet library is required to use this function. No module named 'greenlet'
2026-02-10 18:34:53 | ERROR | Database error in refunds_service.get_status_distribution: the greenlet library is required to use this function. No module named 'greenlet'
2026-02-10 18:34:53 | ERROR | Database error in refunds_service.get_by_bank: the greenlet library is required to use this function. No module named 'greenlet'
2026-02-10 18:34:53 | ERROR | Database error in refunds_service.get_kpis: the greenlet library is required to use this function. No module named 'greenlet'
2026-02-10 18:34:53 | ERROR | Database error in refunds_service.get_monthly_trend: the greenlet library is required to use this function. No module named 'greenlet'
2026-02-10 18:34:53 | ERROR | Database error in refunds_service.get_status_distribution: the greenlet library is required to use this function. No module named 'greenlet'
2026-02-10 18:34:53 | ERROR | Database error in refunds_service.get_amount_distribution: the greenlet library is required to use this function. No module named 'greenlet'
2026-02-10 18:34:53 | ERROR | Database error in refunds_service.get_daily_count: the greenlet library is required to use this function. No module named 'greenlet'
2026-02-10 18:34:53 | ERROR | Database error in refunds_service.get_by_bank: the greenlet library is required to use this function. No module named 'greenlet'
2026-02-10 18:34:53 | ERROR | Database error in refunds_service.get_rate_trend: the greenlet library is required to use this function. No module named 'greenlet'
2026-02-10 18:34:53 | ERROR | Database error in refunds_service.get_amount_distribution: the greenlet library is required to use this function. No module named 'greenlet'
2026-02-10 18:37:59 | INFO | Logger initialized successfully
2026-02-10 18:38:05 | ERROR | Database error in refunds_service.get_daily_count: [Errno 8] nodename nor servname provided, or not known
2026-02-10 18:38:05 | ERROR | Database error in refunds_service.get_kpis: [Errno 8] nodename nor servname provided, or not known
2026-02-10 18:38:05 | ERROR | Database error in refunds_service.get_monthly_trend: [Errno 8] nodename nor servname provided, or not known
2026-02-10 18:38:05 | ERROR | Database error in refunds_service.get_status_distribution: [Errno 8] nodename nor servname provided, or not known
2026-02-10 18:38:05 | ERROR | Database error in refunds_service.get_rate_trend: [Errno 8] nodename nor servname provided, or not known
2026-02-10 18:38:05 | ERROR | Database error in refunds_service.get_by_bank: [Errno 8] nodename nor servname provided, or not known
2026-02-10 18:38:05 | ERROR | Database error in refunds_service.get_amount_distribution: [Errno 8] nodename nor servname provided, or not known
2026-02-10 18:38:05 | ERROR | Database error in refunds_service.get_kpis: [Errno 8] nodename nor servname provided, or not known
2026-02-10 18:38:05 | ERROR | Database error in refunds_service.get_daily_count: [Errno 8] nodename nor servname provided, or not known
2026-02-10 18:38:05 | ERROR | Database error in refunds_service.get_monthly_trend: [Errno 8] nodename nor servname provided, or not known
2026-02-10 18:38:05 | ERROR | Database error in refunds_service.get_rate_trend: [Errno 8] nodename nor servname provided, or not known
2026-02-10 18:38:05 | ERROR | Database error in refunds_service.get_status_distribution: [Errno 8] nodename nor servname provided, or not known
2026-02-10 18:38:05 | ERROR | Database error in refunds_service.get_by_bank: [Errno 8] nodename nor servname provided, or not known
2026-02-10 18:38:05 | ERROR | Database error in refunds_service.get_amount_distribution: [Errno 8] nodename nor servname provided, or not known
2026-02-10 18:38:06 | ERROR | Database error in refunds_service.get_kpis: [Errno 8] nodename nor servname provided, or not known
2026-02-10 18:38:06 | ERROR | Database error in refunds_service.get_daily_count: [Errno 8] nodename nor servname provided, or not known
2026-02-10 18:38:06 | ERROR | Database error in refunds_service.get_monthly_trend: [Errno 8] nodename nor servname provided, or not known
2026-02-10 18:38:06 | ERROR | Database error in refunds_service.get_rate_trend: [Errno 8] nodename nor servname provided, or not known
2026-02-10 18:38:06 | ERROR | Database error in refunds_service.get_status_distribution: [Errno 8] nodename nor servname provided, or not known
2026-02-10 18:38:06 | ERROR | Database error in refunds_service.get_by_bank: [Errno 8] nodename nor servname provided, or not known
2026-02-10 18:38:06 | ERROR | Database error in refunds_service.get_kpis: [Errno 8] nodename nor servname provided, or not known
2026-02-10 18:38:06 | ERROR | Database error in refunds_service.get_amount_distribution: [Errno 8] nodename nor servname provided, or not known
2026-02-10 18:38:06 | ERROR | Database error in refunds_service.get_daily_count: [Errno 8] nodename nor servname provided, or not known
2026-02-10 18:38:06 | ERROR | Database error in refunds_service.get_rate_trend: [Errno 8] nodename nor servname provided, or not known
2026-02-10 18:38:06 | ERROR | Database error in refunds_service.get_monthly_trend: [Errno 8] nodename nor servname provided, or not known
2026-02-10 18:38:06 | ERROR | Database error in refunds_service.get_status_distribution: [Errno 8] nodename nor servname provided, or not known
2026-02-10 18:38:06 | ERROR | Database error in refunds_service.get_by_bank: [Errno 8] nodename nor servname provided, or not known
2026-02-10 18:38:06 | ERROR | Database error in refunds_service.get_amount_distribution: [Errno 8] nodename nor servname provided, or not known
2026-02-10 18:39:27 | ERROR | Database error in refunds_service.get_kpis: [Errno 8] nodename nor servname provided, or not known
2026-02-10 18:39:27 | ERROR | Database error in refunds_service.get_daily_count: [Errno 8] nodename nor servname provided, or not known
2026-02-10 18:39:27 | ERROR | Database error in refunds_service.get_monthly_trend: [Errno 8] nodename nor servname provided, or not known
2026-02-10 18:39:27 | ERROR | Database error in refunds_service.get_rate_trend: [Errno 8] nodename nor servname provided, or not known
2026-02-10 18:39:27 | ERROR | Database error in refunds_service.get_status_distribution: [Errno 8] nodename nor servname provided, or not known
2026-02-10 18:39:27 | ERROR | Database error in refunds_service.get_by_bank: [Errno 8] nodename nor servname provided, or not known
2026-02-10 18:39:27 | ERROR | Database error in refunds_service.get_amount_distribution: [Errno 8] nodename nor servname provided, or not known
2026-02-10 18:39:27 | ERROR | Database error in refunds_service.get_kpis: [Errno 8] nodename nor servname provided, or not known
2026-02-10 18:39:27 | ERROR | Database error in refunds_service.get_daily_count: [Errno 8] nodename nor servname provided, or not known
2026-02-10 18:39:27 | ERROR | Database error in refunds_service.get_monthly_trend: [Errno 8] nodename nor servname provided, or not known
2026-02-10 18:39:27 | ERROR | Database error in refunds_service.get_rate_trend: [Errno 8] nodename nor servname provided, or not known
2026-02-10 18:39:27 | ERROR | Database error in refunds_service.get_status_distribution: [Errno 8] nodename nor servname provided, or not known
2026-02-10 18:39:27 | ERROR | Database error in refunds_service.get_by_bank: [Errno 8] nodename nor servname provided, or not known
2026-02-10 18:39:27 | ERROR | Database error in refunds_service.get_amount_distribution: [Errno 8] nodename nor servname provided, or not known
2026-02-10 18:43:03 | INFO | Logger initialized successfully
2026-02-10 18:43:28 | ERROR | Database error in users_service.get_kpis: (sqlalchemy.dialects.postgresql.asyncpg.ProgrammingError) <class 'asyncpg.exceptions.PostgresSyntaxError'>: syntax error at or near "both"
[SQL: 
                SELECT COUNT(*) AS both_side_users FROM (
                    SELECT public_key AS wallet FROM pending_txes WHERE code = 'PMN' AND status = '0'
                    INTERSECT
                    SELECT public AS wallet FROM pending_refunds WHERE code = 'PMN' AND status = '0'
                ) AS both
            ]
(Background on this error at: https://sqlalche.me/e/20/f405)
2026-02-10 18:43:28 | ERROR | Database error in users_service.get_kpis: (sqlalchemy.dialects.postgresql.asyncpg.ProgrammingError) <class 'asyncpg.exceptions.PostgresSyntaxError'>: syntax error at or near "both"
[SQL: 
                SELECT COUNT(*) AS both_side_users FROM (
                    SELECT public_key AS wallet FROM pending_txes WHERE code = 'PMN' AND status = '0'
                    INTERSECT
                    SELECT public AS wallet FROM pending_refunds WHERE code = 'PMN' AND status = '0'
                ) AS both
            ]
(Background on this error at: https://sqlalche.me/e/20/f405)
2026-02-10 18:44:59 | ERROR | Database error in users_service.get_kpis: (sqlalchemy.dialects.postgresql.asyncpg.ProgrammingError) <class 'asyncpg.exceptions.PostgresSyntaxError'>: syntax error at or near "both"
[SQL: 
                SELECT COUNT(*) AS both_side_users FROM (
                    SELECT public_key AS wallet FROM pending_txes WHERE code = 'PMN' AND status = '0'
                    INTERSECT
                    SELECT public AS wallet FROM pending_refunds WHERE code = 'PMN' AND status = '0'
                ) AS both
            ]
(Background on this error at: https://sqlalche.me/e/20/f405)
2026-02-10 18:45:16 | ERROR | Database error in users_service.get_kpis: (sqlalchemy.dialects.postgresql.asyncpg.ProgrammingError) <class 'asyncpg.exceptions.PostgresSyntaxError'>: syntax error at or near "both"
[SQL: 
                SELECT COUNT(*) AS both_side_users FROM (
                    SELECT public_key AS wallet FROM pending_txes WHERE code = 'PMN' AND status = '0'
                    INTERSECT
                    SELECT public AS wallet FROM pending_refunds WHERE code = 'PMN' AND status = '0'
                ) AS both
            ]
(Background on this error at: https://sqlalche.me/e/20/f405)
2026-02-10 18:46:36 | INFO | Logger initialized successfully
2026-02-10 18:47:23 | INFO | Logger initialized successfully
2026-02-10 18:47:40 | ERROR | Database error in users_service.get_kpis: (sqlalchemy.dialects.postgresql.asyncpg.ProgrammingError) <class 'asyncpg.exceptions.PostgresSyntaxError'>: syntax error at or near "both"
[SQL: 
                SELECT COUNT(*) AS both_side_users FROM (
                    SELECT public_key AS wallet FROM pending_txes WHERE code = 'PMN' AND status = '0'
                    INTERSECT
                    SELECT public AS wallet FROM pending_refunds WHERE code = 'PMN' AND status = '0'
                ) AS both
            ]
(Background on this error at: https://sqlalche.me/e/20/f405)
2026-02-10 18:47:40 | ERROR | Database error in users_service.get_kpis: (sqlalchemy.dialects.postgresql.asyncpg.ProgrammingError) <class 'asyncpg.exceptions.PostgresSyntaxError'>: syntax error at or near "both"
[SQL: 
                SELECT COUNT(*) AS both_side_users FROM (
                    SELECT public_key AS wallet FROM pending_txes WHERE code = 'PMN' AND status = '0'
                    INTERSECT
                    SELECT public AS wallet FROM pending_refunds WHERE code = 'PMN' AND status = '0'
                ) AS both
            ]
(Background on this error at: https://sqlalche.me/e/20/f405)
2026-02-10 18:48:00 | ERROR | Database error in users_service.get_kpis: (sqlalchemy.dialects.postgresql.asyncpg.ProgrammingError) <class 'asyncpg.exceptions.PostgresSyntaxError'>: syntax error at or near "both"
[SQL: 
                SELECT COUNT(*) AS both_side_users FROM (
                    SELECT public_key AS wallet FROM pending_txes WHERE code = 'PMN' AND status = '0'
                    INTERSECT
                    SELECT public AS wallet FROM pending_refunds WHERE code = 'PMN' AND status = '0'
                ) AS both
            ]
(Background on this error at: https://sqlalche.me/e/20/f405)
2026-02-10 18:49:34 | INFO | Logger initialized successfully
2026-02-10 18:50:30 | INFO | Logger initialized successfully
2026-02-10 18:54:16 | INFO | Logger initialized successfully
2026-02-10 18:54:44 | INFO | Logger initialized successfully
2026-02-10 18:55:15 | INFO | Logger initialized successfully
2026-02-10 18:55:32 | INFO | Logger initialized successfully
2026-02-10 18:56:26 | INFO | Logger initialized successfully
2026-02-10 19:20:20 | INFO | Logger initialized successfully
2026-02-10 19:21:46 | INFO | Logger initialized successfully
2026-02-10 19:23:09 | INFO | Logger initialized successfully
